\BOOKMARK [0][-]{abstract.0}{Abstract}{}% 1
\BOOKMARK [0][-]{contents.0}{CONTENTS}{}% 2
\BOOKMARK [0][-]{chapter*.2}{FIGURES}{}% 3
\BOOKMARK [0][-]{chapter*.3}{TABLES}{}% 4
\BOOKMARK [0][-]{chapter.1}{CHAPTER 1: INTRODUCTION}{}% 5
\BOOKMARK [1][-]{section.1.1}{1.1 Heat Transport}{chapter.1}% 6
\BOOKMARK [2][-]{subsection.1.1.1}{1.1.1 Heat Transfer at Interfaces}{section.1.1}% 7
\BOOKMARK [2][-]{subsection.1.1.2}{1.1.2 Acoustic Mismatch Model}{section.1.1}% 8
\BOOKMARK [2][-]{subsection.1.1.3}{1.1.3 Diffuse Mismatch Model}{section.1.1}% 9
\BOOKMARK [1][-]{section.1.2}{1.2 Molecular Dynamics}{chapter.1}% 10
\BOOKMARK [2][-]{subsection.1.2.1}{1.2.1 Representations of Atoms}{section.1.2}% 11
\BOOKMARK [2][-]{subsection.1.2.2}{1.2.2 Boundary Conditions}{section.1.2}% 12
\BOOKMARK [1][-]{section.1.3}{1.3 Transport Coefficients}{chapter.1}% 13
\BOOKMARK [2][-]{subsection.1.3.1}{1.3.1 Equilibruim Molecular Dynamics}{section.1.3}% 14
\BOOKMARK [2][-]{subsection.1.3.2}{1.3.2 Non-Equilibruim Molecular Dynamics}{section.1.3}% 15
\BOOKMARK [2][-]{subsection.1.3.3}{1.3.3 Reverse Non-Equilibruim Molecular Dynamics}{section.1.3}% 16
\BOOKMARK [1][-]{section.1.4}{1.4 Systems of Interest}{chapter.1}% 17
\BOOKMARK [0][-]{chapter.2}{CHAPTER 2: INTERFACIAL THERMAL CONDUCTANCE OF THIOLATE-PROTECTED GOLD NANOSPHERES}{}% 18
\BOOKMARK [1][-]{section.2.1}{2.1 Introduction}{chapter.2}% 19
\BOOKMARK [1][-]{section.2.2}{2.2 Interfacial Thermal Conductance of Metallic Nanoparticles}{chapter.2}% 20
\BOOKMARK [2][-]{subsection.2.2.1}{2.2.1 Structures of Self-Assembled Monolayers on Nanoparticles}{section.2.2}% 21
\BOOKMARK [1][-]{section.2.3}{2.3 Computational Details}{chapter.2}% 22
\BOOKMARK [2][-]{subsection.2.3.1}{2.3.1 Creating a thermal flux between particles and solvent}{section.2.3}% 23
\BOOKMARK [2][-]{subsection.2.3.2}{2.3.2 Interfacial Thermal Conductance}{section.2.3}% 24
\BOOKMARK [2][-]{subsection.2.3.3}{2.3.3 Force Fields}{section.2.3}% 25
\BOOKMARK [2][-]{subsection.2.3.4}{2.3.4 Simulation Protocol}{section.2.3}% 26
\BOOKMARK [1][-]{section.2.4}{2.4 Results}{chapter.2}% 27
\BOOKMARK [2][-]{subsection.2.4.1}{2.4.1 Corrugation of the Particle Surface}{section.2.4}% 28
\BOOKMARK [2][-]{subsection.2.4.2}{2.4.2 Orientation of Ligand Chains}{section.2.4}% 29
\BOOKMARK [2][-]{subsection.2.4.3}{2.4.3 Orientation of Interfacial Solvent}{section.2.4}% 30
\BOOKMARK [2][-]{subsection.2.4.4}{2.4.4 Solvent Penetration of Ligand Layer}{section.2.4}% 31
\BOOKMARK [2][-]{subsection.2.4.5}{2.4.5 Ligand-mediated Vibrational Overlap}{section.2.4}% 32
\BOOKMARK [1][-]{section.2.5}{2.5 Discussion}{chapter.2}% 33
\BOOKMARK [0][-]{chapter.3}{CHAPTER 3: THERMAL TRANSPORT IS INFLUENCE BY NANOPARTICLE SHAPE}{}% 34
\BOOKMARK [1][-]{section.3.1}{3.1 Introduction}{chapter.3}% 35
\BOOKMARK [2][-]{subsection.3.1.1}{3.1.1 Size- and temperature-dependent particle morphologies}{section.3.1}% 36
\BOOKMARK [2][-]{subsection.3.1.2}{3.1.2 Theory}{section.3.1}% 37
\BOOKMARK [1][-]{section.3.2}{3.2 Computational Details}{chapter.3}% 38
\BOOKMARK [2][-]{subsection.3.2.1}{3.2.1 System Composition}{section.3.2}% 39
\BOOKMARK [2][-]{subsection.3.2.2}{3.2.2 Force Fields}{section.3.2}% 40
\BOOKMARK [2][-]{subsection.3.2.3}{3.2.3 Simulation Protocol}{section.3.2}% 41
\BOOKMARK [1][-]{section.3.3}{3.3 Results and Discussion}{chapter.3}% 42
\BOOKMARK [2][-]{subsection.3.3.1}{3.3.1 Hexane Density}{section.3.3}% 43
\BOOKMARK [2][-]{subsection.3.3.2}{3.3.2 Surface Atom Undercoordination}{section.3.3}% 44
\BOOKMARK [2][-]{subsection.3.3.3}{3.3.3 Phonon Spectra}{section.3.3}% 45
\BOOKMARK [2][-]{subsection.3.3.4}{3.3.4 A Brief Aside on Local Orientational Ordering}{section.3.3}% 46
\BOOKMARK [2][-]{subsection.3.3.5}{3.3.5 A Simple Model for Bare Nanoparticle Conductance}{section.3.3}% 47
\BOOKMARK [1][-]{section.3.4}{3.4 Conclusions}{chapter.3}% 48
\BOOKMARK [0][-]{chapter.4}{CHAPTER 4: A PREDICTION OF THE THERMAL CONDUCTIVITY OF Au144PET60 NANOARRAYS}{}% 49
\BOOKMARK [1][-]{section.4.1}{4.1 Introduction}{chapter.4}% 50
\BOOKMARK [2][-]{subsection.4.1.1}{4.1.1 Theory}{section.4.1}% 51
\BOOKMARK [1][-]{section.4.2}{4.2 Computational Details}{chapter.4}% 52
\BOOKMARK [2][-]{subsection.4.2.1}{4.2.1 Force Fields}{section.4.2}% 53
\BOOKMARK [2][-]{subsection.4.2.2}{4.2.2 Simulation Protocol}{section.4.2}% 54
\BOOKMARK [2][-]{subsection.4.2.3}{4.2.3 Calculating thermal conductivity}{section.4.2}% 55
\BOOKMARK [1][-]{section.4.3}{4.3 Results and Discussion}{chapter.4}% 56
\BOOKMARK [2][-]{subsection.4.3.1}{4.3.1 Bulk Solvent and Bulk Gold Conductivity}{section.4.3}% 57
\BOOKMARK [2][-]{subsection.4.3.2}{4.3.2 Interfacial Thermal Conductivity}{section.4.3}% 58
\BOOKMARK [2][-]{subsection.4.3.3}{4.3.3 Prediction of Array Thermal Conductivity}{section.4.3}% 59
\BOOKMARK [2][-]{subsection.4.3.4}{4.3.4 Simulations of Array}{section.4.3}% 60
\BOOKMARK [1][-]{section.4.4}{4.4 Conclusions}{chapter.4}% 61
\BOOKMARK [0][-]{chapter.5}{CHAPTER 5: CONCLUSION}{}% 62
\BOOKMARK [0][-]{chapter*.4}{BIBLIOGRAPHY}{}% 63
